C:\USERS\JONNY\DOCUMENTS\VISUAL STUDIO 2010\PROJECTS\BALL_STRATEGIC_GAME\BALL_STRATEGIC_GAME\DEBUG\BALL.OBJ
C:\USERS\JONNY\DOCUMENTS\VISUAL STUDIO 2010\PROJECTS\BALL_STRATEGIC_GAME\BALL_STRATEGIC_GAME\DEBUG\BALL_STRATEGIC_GAME.EXE.EMBED.MANIFEST
C:\USERS\JONNY\DOCUMENTS\VISUAL STUDIO 2010\PROJECTS\BALL_STRATEGIC_GAME\BALL_STRATEGIC_GAME\DEBUG\BALL_STRATEGIC_GAME.EXE.EMBED.MANIFEST.RES
C:\USERS\JONNY\DOCUMENTS\VISUAL STUDIO 2010\PROJECTS\BALL_STRATEGIC_GAME\BALL_STRATEGIC_GAME\DEBUG\BALL_STRATEGIC_GAME.EXE.INTERMEDIATE.MANIFEST
C:\USERS\JONNY\DOCUMENTS\VISUAL STUDIO 2010\PROJECTS\BALL_STRATEGIC_GAME\BALL_STRATEGIC_GAME\DEBUG\BALL_STRATEGIC_GAME.OBJ
C:\USERS\JONNY\DOCUMENTS\VISUAL STUDIO 2010\PROJECTS\BALL_STRATEGIC_GAME\BALL_STRATEGIC_GAME\DEBUG\BALL_STRATEGIC_GAME.PCH
C:\USERS\JONNY\DOCUMENTS\VISUAL STUDIO 2010\PROJECTS\BALL_STRATEGIC_GAME\BALL_STRATEGIC_GAME\DEBUG\BALL_STRATEGIC_GAME.RES
C:\Users\jonny\documents\visual studio 2010\Projects\ball_strategic_game\ball_strategic_game\Debug\ball_strategic_game_manifest.rc
C:\Users\jonny\documents\visual studio 2010\Projects\ball_strategic_game\ball_strategic_game\Debug\cl.command.1.tlog
C:\Users\jonny\documents\visual studio 2010\Projects\ball_strategic_game\ball_strategic_game\Debug\CL.read.1.tlog
C:\Users\jonny\documents\visual studio 2010\Projects\ball_strategic_game\ball_strategic_game\Debug\CL.write.1.tlog
C:\USERS\JONNY\DOCUMENTS\VISUAL STUDIO 2010\PROJECTS\BALL_STRATEGIC_GAME\BALL_STRATEGIC_GAME\DEBUG\ENGINE.OBJ
C:\USERS\JONNY\DOCUMENTS\VISUAL STUDIO 2010\PROJECTS\BALL_STRATEGIC_GAME\BALL_STRATEGIC_GAME\DEBUG\GRAPHICS.OBJ
C:\Users\jonny\documents\visual studio 2010\Projects\ball_strategic_game\ball_strategic_game\Debug\link.command.1.tlog
C:\Users\jonny\documents\visual studio 2010\Projects\ball_strategic_game\ball_strategic_game\Debug\link.read.1.tlog
C:\Users\jonny\documents\visual studio 2010\Projects\ball_strategic_game\ball_strategic_game\Debug\link.write.1.tlog
C:\Users\jonny\documents\visual studio 2010\Projects\ball_strategic_game\ball_strategic_game\Debug\link-cvtres.read.1.tlog
C:\Users\jonny\documents\visual studio 2010\Projects\ball_strategic_game\ball_strategic_game\Debug\link-cvtres.write.1.tlog
C:\Users\jonny\documents\visual studio 2010\Projects\ball_strategic_game\ball_strategic_game\Debug\mt.command.1.tlog
C:\Users\jonny\documents\visual studio 2010\Projects\ball_strategic_game\ball_strategic_game\Debug\mt.read.1.tlog
C:\Users\jonny\documents\visual studio 2010\Projects\ball_strategic_game\ball_strategic_game\Debug\mt.write.1.tlog
C:\USERS\JONNY\DOCUMENTS\VISUAL STUDIO 2010\PROJECTS\BALL_STRATEGIC_GAME\BALL_STRATEGIC_GAME\DEBUG\PHYSICS.OBJ
C:\Users\jonny\documents\visual studio 2010\Projects\ball_strategic_game\ball_strategic_game\Debug\rc.command.1.tlog
C:\Users\jonny\documents\visual studio 2010\Projects\ball_strategic_game\ball_strategic_game\Debug\rc.read.1.tlog
C:\Users\jonny\documents\visual studio 2010\Projects\ball_strategic_game\ball_strategic_game\Debug\rc.write.1.tlog
C:\USERS\JONNY\DOCUMENTS\VISUAL STUDIO 2010\PROJECTS\BALL_STRATEGIC_GAME\BALL_STRATEGIC_GAME\DEBUG\STDAFX.OBJ
C:\Users\jonny\documents\visual studio 2010\Projects\ball_strategic_game\ball_strategic_game\Debug\vc100.idb
C:\USERS\JONNY\DOCUMENTS\VISUAL STUDIO 2010\PROJECTS\BALL_STRATEGIC_GAME\BALL_STRATEGIC_GAME\DEBUG\VC100.PDB
C:\USERS\JONNY\DOCUMENTS\VISUAL STUDIO 2010\PROJECTS\BALL_STRATEGIC_GAME\BALL_STRATEGIC_GAME\DEBUG\VM.OBJ
C:\USERS\JONNY\DOCUMENTS\VISUAL STUDIO 2010\PROJECTS\BALL_STRATEGIC_GAME\DEBUG\BALL_STRATEGIC_GAME.EXE
C:\USERS\JONNY\DOCUMENTS\VISUAL STUDIO 2010\PROJECTS\BALL_STRATEGIC_GAME\DEBUG\BALL_STRATEGIC_GAME.ILK
C:\USERS\JONNY\DOCUMENTS\VISUAL STUDIO 2010\PROJECTS\BALL_STRATEGIC_GAME\DEBUG\BALL_STRATEGIC_GAME.PDB
